<?xml version="1.0" encoding="UTF-8"?>
<testng-results skipped="0" failed="0" total="1" passed="1">
  <reporter-output>
  </reporter-output>
  <suite name="Appium Automation" duration-ms="27225" started-at="2017-10-10T03:40:10Z" finished-at="2017-10-10T03:40:37Z">
    <groups>
      <group name="Regression Appium CI">
        <method signature="iPhoneSimulatorCI.datepicker()[pri:0, instance:com.learning.appium.appiumTutorial.iPhoneSimulatorCI@35fb3008]" name="datepicker" class="com.learning.appium.appiumTutorial.iPhoneSimulatorCI"/>
      </group> <!-- Regression Appium CI -->
    </groups>
    <test name="Running Appium Test" duration-ms="27225" started-at="2017-10-10T03:40:10Z" finished-at="2017-10-10T03:40:37Z">
      <class name="com.learning.appium.appiumTutorial.iPhoneSimulatorCI">
        <test-method status="PASS" signature="datepicker()[pri:0, instance:com.learning.appium.appiumTutorial.iPhoneSimulatorCI@35fb3008]" name="datepicker" duration-ms="27214" started-at="2017-10-09T22:40:10Z" finished-at="2017-10-09T22:40:37Z">
          <reporter-output>
          </reporter-output>
        </test-method> <!-- datepicker -->
      </class> <!-- com.learning.appium.appiumTutorial.iPhoneSimulatorCI -->
    </test> <!-- Running Appium Test -->
  </suite> <!-- Appium Automation -->
</testng-results>
