<?xml version="1.0" encoding="UTF-8"?>
<testng-results skipped="0" failed="0" total="1" passed="1">
  <reporter-output>
  </reporter-output>
  <suite name="Appium Automation" duration-ms="34114" started-at="2017-10-09T03:28:56Z" finished-at="2017-10-09T03:29:30Z">
    <groups>
      <group name="Regression Appium CI">
        <method signature="iPhoneSimulatorCI.datepicker()[pri:0, instance:com.learning.appium.appiumTutorial.iPhoneSimulatorCI@3cbbc1e0]" name="datepicker" class="com.learning.appium.appiumTutorial.iPhoneSimulatorCI"/>
      </group> <!-- Regression Appium CI -->
    </groups>
    <test name="Running Appium Test" duration-ms="34114" started-at="2017-10-09T03:28:56Z" finished-at="2017-10-09T03:29:30Z">
      <class name="com.learning.appium.appiumTutorial.iPhoneSimulatorCI">
        <test-method status="PASS" signature="datepicker()[pri:0, instance:com.learning.appium.appiumTutorial.iPhoneSimulatorCI@3cbbc1e0]" name="datepicker" duration-ms="34089" started-at="2017-10-08T22:28:56Z" finished-at="2017-10-08T22:29:30Z">
          <reporter-output>
          </reporter-output>
        </test-method> <!-- datepicker -->
      </class> <!-- com.learning.appium.appiumTutorial.iPhoneSimulatorCI -->
    </test> <!-- Running Appium Test -->
  </suite> <!-- Appium Automation -->
</testng-results>
