<?xml version="1.0" encoding="UTF-8"?>
<testsuite xmlns:xsi="http://www.w3.org/2001/XMLSchema-instance" xsi:noNamespaceSchemaLocation="https://maven.apache.org/surefire/maven-surefire-plugin/xsd/surefire-test-report.xsd" name="TestSuite" time="44.726" tests="1" errors="0" skipped="0" failures="1">
  <properties>
[...]
</properties>
  <testcase name="datepicker" classname="com.learning.appium.appiumTutorial.iPhoneSimulatorCI" time="44.248">
    <failure message="An element could not be located on the page using the given search parameters. (WARNING: The server did not provide any stacktrace information)&#10;Command duration or timeout: 0 milliseconds&#10;For documentation on this error, please visit: http://seleniumhq.org/exceptions/no_such_element.html&#10;Build info: version: &apos;3.6.0&apos;, revision: &apos;6fbf3ec767&apos;, time: &apos;2017-09-27T15:28:36.4Z&apos;&#10;System info: host: &apos;Gauthamans-MBP.fios-router.home&apos;, ip: &apos;fe80:0:0:0:491:a1b:e6b8:303d%en0&apos;, os.name: &apos;Mac OS X&apos;, os.arch: &apos;x86_64&apos;, os.version: &apos;10.12.6&apos;, java.version: &apos;1.8.0_121&apos;&#10;Driver info: io.appium.java_client.ios.IOSDriver&#10;Capabilities [{app=Users/gauthamanprakasam/Library/Developer/Xcode/DerivedData/UIKitCatalog-acdpwptlisjkkddfujxozpmvjist/Build/Products/Debug-iphonesimulator/UIKitCatalog.app, networkConnectionEnabled=false, databaseEnabled=false, deviceName=iPad Simulator, platform=MAC, platformVersion=11.0, webStorageEnabled=false, locationContextEnabled=false, automationName=XCUITest, browserName=, takesScreenshot=true, javascriptEnabled=true, udid=3B328289-04FF-412C-A30F-66CA544ACAD2, platformName=MAC}]&#10;Session ID: 2e553a07-e4ea-409e-aca1-a6d134cb55f0&#10;*** Element info: {Using=name, value=Date Picker}" type="org.openqa.selenium.NoSuchElementException">org.openqa.selenium.NoSuchElementException: 
An element could not be located on the page using the given search parameters. (WARNING: The server did not provide any stacktrace information)
Command duration or timeout: 0 milliseconds
For documentation on this error, please visit: http://seleniumhq.org/exceptions/no_such_element.html
Build info: version: '3.6.0', revision: '6fbf3ec767', time: '2017-09-27T15:28:36.4Z'
System info: host: 'Gauthamans-MBP.fios-router.home', ip: 'fe80:0:0:0:491:a1b:e6b8:303d%en0', os.name: 'Mac OS X', os.arch: 'x86_64', os.version: '10.12.6', java.version: '1.8.0_121'
Driver info: io.appium.java_client.ios.IOSDriver
Capabilities [{app=Users/gauthamanprakasam/Library/Developer/Xcode/DerivedData/UIKitCatalog-acdpwptlisjkkddfujxozpmvjist/Build/Products/Debug-iphonesimulator/UIKitCatalog.app, networkConnectionEnabled=false, databaseEnabled=false, deviceName=iPad Simulator, platform=MAC, platformVersion=11.0, webStorageEnabled=false, locationContextEnabled=false, automationName=XCUITest, browserName=, takesScreenshot=true, javascriptEnabled=true, udid=3B328289-04FF-412C-A30F-66CA544ACAD2, platformName=MAC}]
Session ID: 2e553a07-e4ea-409e-aca1-a6d134cb55f0
*** Element info: {Using=name, value=Date Picker}
	at com.learning.appium.appiumTutorial.iPhoneSimulatorCI.datepicker(iPhoneSimulatorCI.java:41)
</failure>
    <system-out><![CDATA[Execution starting to launch Date Picker
]]></system-out>
    <system-err><![CDATA[Oct 09, 2017 10:13:25 PM org.openqa.selenium.remote.ProtocolHandshake createSession
INFO: Detected dialect: OSS
]]></system-err>
  </testcase>
</testsuite>